<?xml version="1.0" encoding="UTF-8"?>
<!-- Generated by org.testng.reporters.JUnitXMLReporter -->
<testsuite hostname="LAPTOP-O4QKVNT6" name="Test" tests="12" failures="0" timestamp="25 Apr 2020 15:58:16 GMT" time="0.031" errors="0">
  <testcase name="div" time="0.01" classname="com.qa.tests.DemoTest1"/>
  <testcase name="mul" time="0.001" classname="com.qa.tests.DemoTest1"/>
  <testcase name="sub" time="0.0" classname="com.qa.tests.DemoTest1"/>
  <testcase name="sum" time="0.001" classname="com.qa.tests.DemoTest1"/>
  <testcase name="div" time="0.0" classname="com.qa.tests.DemoTest2"/>
  <testcase name="mul" time="0.001" classname="com.qa.tests.DemoTest2"/>
  <testcase name="sub" time="0.0" classname="com.qa.tests.DemoTest2"/>
  <testcase name="sum" time="0.0" classname="com.qa.tests.DemoTest2"/>
  <testcase name="div" time="0.0" classname="com.qa.tests.DemoTest"/>
  <testcase name="mul" time="0.0" classname="com.qa.tests.DemoTest"/>
  <testcase name="sub" time="0.0" classname="com.qa.tests.DemoTest"/>
  <testcase name="sum" time="0.001" classname="com.qa.tests.DemoTest"/>
</testsuite> <!-- Test -->
