<?xml version="1.0" encoding="UTF-8"?>
<testng-results skipped="0" failed="0" total="12" passed="12">
  <reporter-output>
  </reporter-output>
  <suite name="Suite" duration-ms="31" started-at="2020-04-25T15:58:16Z" finished-at="2020-04-25T15:58:16Z">
    <groups>
    </groups>
    <test name="Test" duration-ms="31" started-at="2020-04-25T15:58:16Z" finished-at="2020-04-25T15:58:16Z">
      <class name="com.qa.tests.DemoTest">
        <test-method status="PASS" signature="div()[pri:0, instance:com.qa.tests.DemoTest@1188e820]" name="div" duration-ms="0" started-at="2020-04-25T21:28:16Z" finished-at="2020-04-25T21:28:16Z">
          <reporter-output>
          </reporter-output>
        </test-method> <!-- div -->
        <test-method status="PASS" signature="mul()[pri:0, instance:com.qa.tests.DemoTest@1188e820]" name="mul" duration-ms="0" started-at="2020-04-25T21:28:16Z" finished-at="2020-04-25T21:28:16Z">
          <reporter-output>
          </reporter-output>
        </test-method> <!-- mul -->
        <test-method status="PASS" signature="sub()[pri:0, instance:com.qa.tests.DemoTest@1188e820]" name="sub" duration-ms="0" started-at="2020-04-25T21:28:16Z" finished-at="2020-04-25T21:28:16Z">
          <reporter-output>
          </reporter-output>
        </test-method> <!-- sub -->
        <test-method status="PASS" signature="sum()[pri:0, instance:com.qa.tests.DemoTest@1188e820]" name="sum" duration-ms="1" started-at="2020-04-25T21:28:16Z" finished-at="2020-04-25T21:28:16Z">
          <reporter-output>
          </reporter-output>
        </test-method> <!-- sum -->
      </class> <!-- com.qa.tests.DemoTest -->
      <class name="com.qa.tests.DemoTest1">
        <test-method status="PASS" signature="div()[pri:0, instance:com.qa.tests.DemoTest1@60438a68]" name="div" duration-ms="10" started-at="2020-04-25T21:28:16Z" finished-at="2020-04-25T21:28:16Z">
          <reporter-output>
          </reporter-output>
        </test-method> <!-- div -->
        <test-method status="PASS" signature="mul()[pri:0, instance:com.qa.tests.DemoTest1@60438a68]" name="mul" duration-ms="1" started-at="2020-04-25T21:28:16Z" finished-at="2020-04-25T21:28:16Z">
          <reporter-output>
          </reporter-output>
        </test-method> <!-- mul -->
        <test-method status="PASS" signature="sub()[pri:0, instance:com.qa.tests.DemoTest1@60438a68]" name="sub" duration-ms="0" started-at="2020-04-25T21:28:16Z" finished-at="2020-04-25T21:28:16Z">
          <reporter-output>
          </reporter-output>
        </test-method> <!-- sub -->
        <test-method status="PASS" signature="sum()[pri:0, instance:com.qa.tests.DemoTest1@60438a68]" name="sum" duration-ms="1" started-at="2020-04-25T21:28:16Z" finished-at="2020-04-25T21:28:16Z">
          <reporter-output>
          </reporter-output>
        </test-method> <!-- sum -->
      </class> <!-- com.qa.tests.DemoTest1 -->
      <class name="com.qa.tests.DemoTest2">
        <test-method status="PASS" signature="mul()[pri:0, instance:com.qa.tests.DemoTest2@130f889]" name="mul" duration-ms="1" started-at="2020-04-25T21:28:16Z" finished-at="2020-04-25T21:28:16Z">
          <reporter-output>
          </reporter-output>
        </test-method> <!-- mul -->
        <test-method status="PASS" signature="div()[pri:0, instance:com.qa.tests.DemoTest2@130f889]" name="div" duration-ms="0" started-at="2020-04-25T21:28:16Z" finished-at="2020-04-25T21:28:16Z">
          <reporter-output>
          </reporter-output>
        </test-method> <!-- div -->
        <test-method status="PASS" signature="sub()[pri:0, instance:com.qa.tests.DemoTest2@130f889]" name="sub" duration-ms="0" started-at="2020-04-25T21:28:16Z" finished-at="2020-04-25T21:28:16Z">
          <reporter-output>
          </reporter-output>
        </test-method> <!-- sub -->
        <test-method status="PASS" signature="sum()[pri:0, instance:com.qa.tests.DemoTest2@130f889]" name="sum" duration-ms="0" started-at="2020-04-25T21:28:16Z" finished-at="2020-04-25T21:28:16Z">
          <reporter-output>
          </reporter-output>
        </test-method> <!-- sum -->
      </class> <!-- com.qa.tests.DemoTest2 -->
    </test> <!-- Test -->
  </suite> <!-- Suite -->
</testng-results>
