<?xml version="1.0" encoding="UTF-8"?>
<testng-results skipped="0" failed="0" total="12" passed="12">
  <reporter-output>
  </reporter-output>
  <suite name="Suite" duration-ms="45" started-at="2020-04-25T14:09:57Z" finished-at="2020-04-25T14:09:57Z">
    <groups>
    </groups>
    <test name="Test" duration-ms="45" started-at="2020-04-25T14:09:57Z" finished-at="2020-04-25T14:09:57Z">
      <class name="com.qa.tests.DemoTest">
        <test-method status="PASS" signature="div()[pri:0, instance:com.qa.tests.DemoTest@525f1e4e]" name="div" duration-ms="1" started-at="2020-04-25T19:39:57Z" finished-at="2020-04-25T19:39:57Z">
          <reporter-output>
          </reporter-output>
        </test-method> <!-- div -->
        <test-method status="PASS" signature="mul()[pri:0, instance:com.qa.tests.DemoTest@525f1e4e]" name="mul" duration-ms="1" started-at="2020-04-25T19:39:57Z" finished-at="2020-04-25T19:39:57Z">
          <reporter-output>
          </reporter-output>
        </test-method> <!-- mul -->
        <test-method status="PASS" signature="sub()[pri:0, instance:com.qa.tests.DemoTest@525f1e4e]" name="sub" duration-ms="1" started-at="2020-04-25T19:39:57Z" finished-at="2020-04-25T19:39:57Z">
          <reporter-output>
          </reporter-output>
        </test-method> <!-- sub -->
        <test-method status="PASS" signature="sum()[pri:0, instance:com.qa.tests.DemoTest@525f1e4e]" name="sum" duration-ms="1" started-at="2020-04-25T19:39:57Z" finished-at="2020-04-25T19:39:57Z">
          <reporter-output>
          </reporter-output>
        </test-method> <!-- sum -->
      </class> <!-- com.qa.tests.DemoTest -->
      <class name="com.qa.tests.DemoTest1">
        <test-method status="PASS" signature="div()[pri:0, instance:com.qa.tests.DemoTest1@2357d90a]" name="div" duration-ms="16" started-at="2020-04-25T19:39:57Z" finished-at="2020-04-25T19:39:57Z">
          <reporter-output>
          </reporter-output>
        </test-method> <!-- div -->
        <test-method status="PASS" signature="mul()[pri:0, instance:com.qa.tests.DemoTest1@2357d90a]" name="mul" duration-ms="1" started-at="2020-04-25T19:39:57Z" finished-at="2020-04-25T19:39:57Z">
          <reporter-output>
          </reporter-output>
        </test-method> <!-- mul -->
        <test-method status="PASS" signature="sub()[pri:0, instance:com.qa.tests.DemoTest1@2357d90a]" name="sub" duration-ms="0" started-at="2020-04-25T19:39:57Z" finished-at="2020-04-25T19:39:57Z">
          <reporter-output>
          </reporter-output>
        </test-method> <!-- sub -->
        <test-method status="PASS" signature="sum()[pri:0, instance:com.qa.tests.DemoTest1@2357d90a]" name="sum" duration-ms="1" started-at="2020-04-25T19:39:57Z" finished-at="2020-04-25T19:39:57Z">
          <reporter-output>
          </reporter-output>
        </test-method> <!-- sum -->
      </class> <!-- com.qa.tests.DemoTest1 -->
      <class name="com.qa.tests.DemoTest2">
        <test-method status="PASS" signature="div()[pri:0, instance:com.qa.tests.DemoTest2@75f9eccc]" name="div" duration-ms="1" started-at="2020-04-25T19:39:57Z" finished-at="2020-04-25T19:39:57Z">
          <reporter-output>
          </reporter-output>
        </test-method> <!-- div -->
        <test-method status="PASS" signature="mul()[pri:0, instance:com.qa.tests.DemoTest2@75f9eccc]" name="mul" duration-ms="1" started-at="2020-04-25T19:39:57Z" finished-at="2020-04-25T19:39:57Z">
          <reporter-output>
          </reporter-output>
        </test-method> <!-- mul -->
        <test-method status="PASS" signature="sub()[pri:0, instance:com.qa.tests.DemoTest2@75f9eccc]" name="sub" duration-ms="1" started-at="2020-04-25T19:39:57Z" finished-at="2020-04-25T19:39:57Z">
          <reporter-output>
          </reporter-output>
        </test-method> <!-- sub -->
        <test-method status="PASS" signature="sum()[pri:0, instance:com.qa.tests.DemoTest2@75f9eccc]" name="sum" duration-ms="1" started-at="2020-04-25T19:39:57Z" finished-at="2020-04-25T19:39:57Z">
          <reporter-output>
          </reporter-output>
        </test-method> <!-- sum -->
      </class> <!-- com.qa.tests.DemoTest2 -->
    </test> <!-- Test -->
  </suite> <!-- Suite -->
</testng-results>
